2025-01-02 22:29:31,789 - root - ERROR - 'PySide6.QtWidgets.QVBoxLayout' object is not callable
Traceback (most recent call last):
  File "C:\Users\leoch\Documents\- Python Code\windows-helper\windows-helper.py", line 79, in <module>
    application = App()
  File "C:\Users\leoch\Documents\- Python Code\windows-helper\windows-helper.py", line 32, in __init__
    Chance((430, 10, 200, 1)),
  File "C:\Users\leoch\Documents\- Python Code\windows-helper\windows\chance.py", line 22, in __init__
    self.layout().addLayout(grid_layout)
TypeError: 'PySide6.QtWidgets.QVBoxLayout' object is not callable
2025-01-02 22:29:33,639 - root - ERROR - 'PySide6.QtWidgets.QVBoxLayout' object is not callable
Traceback (most recent call last):
  File "C:\Users\leoch\Documents\- Python Code\windows-helper\windows-helper.py", line 79, in <module>
    application = App()
  File "C:\Users\leoch\Documents\- Python Code\windows-helper\windows-helper.py", line 32, in __init__
    Chance((430, 10, 200, 1)),
  File "C:\Users\leoch\Documents\- Python Code\windows-helper\windows\chance.py", line 22, in __init__
    self.layout().addLayout(grid_layout)
TypeError: 'PySide6.QtWidgets.QVBoxLayout' object is not callable
2025-01-02 22:29:35,689 - root - ERROR - 'PySide6.QtWidgets.QVBoxLayout' object is not callable
Traceback (most recent call last):
  File "C:\Users\leoch\Documents\- Python Code\windows-helper\windows-helper.py", line 79, in <module>
    application = App()
  File "C:\Users\leoch\Documents\- Python Code\windows-helper\windows-helper.py", line 32, in __init__
    Chance((430, 10, 200, 1)),
  File "C:\Users\leoch\Documents\- Python Code\windows-helper\windows\chance.py", line 22, in __init__
    self.layout().addLayout(grid_layout)
TypeError: 'PySide6.QtWidgets.QVBoxLayout' object is not callable
2025-01-02 22:35:14,131 - root - ERROR - 'PySide6.QtWidgets.QBoxLayout.addWidget' called with wrong argument types:
  PySide6.QtWidgets.QBoxLayout.addWidget(QLabel, int, int)
Supported signatures:
  PySide6.QtWidgets.QBoxLayout.addWidget(PySide6.QtWidgets.QWidget, int = 0, PySide6.QtCore.Qt.AlignmentFlag = Default(Qt.Alignment))
Traceback (most recent call last):
  File "C:\Users\leoch\Documents\- Python Code\windows-helper\windows-helper.py", line 79, in <module>
    application = App()
  File "C:\Users\leoch\Documents\- Python Code\windows-helper\windows-helper.py", line 30, in __init__
    ColorPicker((10, 145, 190, 1)),
  File "C:\Users\leoch\Documents\- Python Code\windows-helper\windows\color_picker.py", line 15, in __init__
    self.layout.addWidget(self.color_label, 0, 0)
TypeError: 'PySide6.QtWidgets.QBoxLayout.addWidget' called with wrong argument types:
  PySide6.QtWidgets.QBoxLayout.addWidget(QLabel, int, int)
Supported signatures:
  PySide6.QtWidgets.QBoxLayout.addWidget(PySide6.QtWidgets.QWidget, int = 0, PySide6.QtCore.Qt.AlignmentFlag = Default(Qt.Alignment))
2025-01-02 22:35:16,509 - root - ERROR - 'PySide6.QtWidgets.QBoxLayout.addWidget' called with wrong argument types:
  PySide6.QtWidgets.QBoxLayout.addWidget(QLabel, int, int)
Supported signatures:
  PySide6.QtWidgets.QBoxLayout.addWidget(PySide6.QtWidgets.QWidget, int = 0, PySide6.QtCore.Qt.AlignmentFlag = Default(Qt.Alignment))
Traceback (most recent call last):
  File "C:\Users\leoch\Documents\- Python Code\windows-helper\windows-helper.py", line 79, in <module>
    application = App()
  File "C:\Users\leoch\Documents\- Python Code\windows-helper\windows-helper.py", line 30, in __init__
    ColorPicker((10, 145, 190, 1)),
  File "C:\Users\leoch\Documents\- Python Code\windows-helper\windows\color_picker.py", line 15, in __init__
    self.layout.addWidget(self.color_label, 0, 0)
TypeError: 'PySide6.QtWidgets.QBoxLayout.addWidget' called with wrong argument types:
  PySide6.QtWidgets.QBoxLayout.addWidget(QLabel, int, int)
Supported signatures:
  PySide6.QtWidgets.QBoxLayout.addWidget(PySide6.QtWidgets.QWidget, int = 0, PySide6.QtCore.Qt.AlignmentFlag = Default(Qt.Alignment))
2025-01-02 22:35:57,670 - root - ERROR - 'PySide6.QtWidgets.QGridLayout.__init__' called with wrong argument types:
  PySide6.QtWidgets.QGridLayout.__init__(QVBoxLayout)
Supported signatures:
  PySide6.QtWidgets.QGridLayout.__init__(Optional[PySide6.QtWidgets.QWidget] = None)
Traceback (most recent call last):
  File "C:\Users\leoch\Documents\- Python Code\windows-helper\windows-helper.py", line 79, in <module>
    application = App()
  File "C:\Users\leoch\Documents\- Python Code\windows-helper\windows-helper.py", line 30, in __init__
    ColorPicker((10, 145, 190, 1)),
  File "C:\Users\leoch\Documents\- Python Code\windows-helper\windows\color_picker.py", line 14, in __init__
    self.grid_layout = QGridLayout(self.layout)
TypeError: 'PySide6.QtWidgets.QGridLayout.__init__' called with wrong argument types:
  PySide6.QtWidgets.QGridLayout.__init__(QVBoxLayout)
Supported signatures:
  PySide6.QtWidgets.QGridLayout.__init__(Optional[PySide6.QtWidgets.QWidget] = None)
2025-01-02 22:36:31,576 - root - ERROR - 'PySide6.QtWidgets.QGridLayout.__init__' called with wrong argument types:
  PySide6.QtWidgets.QGridLayout.__init__(QVBoxLayout)
Supported signatures:
  PySide6.QtWidgets.QGridLayout.__init__(Optional[PySide6.QtWidgets.QWidget] = None)
Traceback (most recent call last):
  File "C:\Users\leoch\Documents\- Python Code\windows-helper\windows-helper.py", line 79, in <module>
    application = App()
  File "C:\Users\leoch\Documents\- Python Code\windows-helper\windows-helper.py", line 30, in __init__
    ColorPicker((10, 145, 190, 1)),
  File "C:\Users\leoch\Documents\- Python Code\windows-helper\windows\color_picker.py", line 14, in __init__
    self.grid_layout = QGridLayout(self.layout)
TypeError: 'PySide6.QtWidgets.QGridLayout.__init__' called with wrong argument types:
  PySide6.QtWidgets.QGridLayout.__init__(QVBoxLayout)
Supported signatures:
  PySide6.QtWidgets.QGridLayout.__init__(Optional[PySide6.QtWidgets.QWidget] = None)
