2025-07-09 22:18:30.253583
Q: what is this img
A: The image shows a screenshot of a computer screen displaying a coding environment, likely an Integrated Development Environment (IDE) for Python programming. The environment appears to be PyCharm or a similar IDE.
**Key Elements:**
*   A file explorer or project navigator on the left side of the screen, showing a directory structure with various folders and files.
*   A code editor in the center of the screen, displaying a Python script with lines of code.
*   A console or terminal window at the bottom of the screen, showing output or error messages.
**Directory Structure:**
The directory structure on the left side of the screen includes the following folders and files:
*   `.venv`: a virtual environment folder
*   `app`: an application folder
*   `res`: a resources folder
*   `img`: an images folder
*   `error.log`: an error log file
*   `paths.py`: a Python script file
*   `pos.json`: a JSON file
*   `settings.json`: a JSON file
*   `styles.qss`: a QSS (Qt Style Sheets) file
*   `windows`: a folder containing multiple subfolders and files, including:
    *   `chance`
    *   `chat`
    *   `clipboard`
    *   `color_picker`
    *   `draw`
    *   `example`
    *   `info`
    *   `run_command`
**Code Editor:**
The code editor in the center of the screen displays a Python script with lines of code. The code appears to be related to a graphical user interface (GUI) application, with references to Qt and PyQt libraries.
**Console/Terminal Window:**
The console or terminal window at the bottom of the screen shows output or error messages. The text indicates that the program is loading various modules and files, including `run_command`, `color_picker`, `chance`, `clipboard`, `chat`, and `draw`.
**Conclusion:**
Based on the directory structure, code editor, and console/terminal window, it appears that this is a Python project using the Qt framework for GUI development. The project likely involves creating a desktop application with various features, such as a color picker, clipboard functionality, and chat functionality.

