2025-08-16 17:39:35.875817
Q: hi
A: Hi there! How's your day going so far? 😊 
Is there anything you'd like to chat about, or were you just saying hello?

2025-08-16 17:39:35.875817
Q: hi
A: Hi there! How's your day going so far? 😊 
Is there anything you'd like to chat about, or were you just saying hello?

2025-08-16 17:39:53.304993
Q: what do you see
A: Here's a breakdown of what I see in the image you sent:
**Main YouTube Interface:**
*   **YouTube Logo:** Prominently displayed at the top.
*   **Search Bar:**  Allows users to search for videos.
*   **Sidebar:** Contains various sections:
    *   **Home:** Takes you to your personalized YouTube homepage.
    *   **Shorts:**  Short-form videos.
    *   **Subscriptions:** Lists channels you're subscribed to.
    *   **You:**  Accesses your watch history, uploads, liked videos, and playlists.
    *   **Watch later:**  Videos you've saved to watch later.
    *   **Downloads:**  Videos you've downloaded.
    *   **Your clips:**  Videos you've created clips from.
*   **Video Thumbnails:** Several video thumbnails are displayed, including:
    *   "osu!" - A video with the "osu!" game.
    *   "How Did The Universe Begin?" - A video about the history of the universe.
    *   "Feeling Kinda Gloomy" - A video with DanDaan S2 Ep 7 Reaction.
    *   "Tokyo Hip Hop Night" - A video with Lofi hiphop mix BGM (Beats to Chill & Study).
    *   "Expedition 33 - First Gameplay" - A video with Expedition 33 - First Gameplay.
**Overall Impression:**
The image shows a typical YouTube interface with a selection of videos displayed. It's a snapshot of what a user might see when browsing or watching YouTube.
Do you want me to focus on a specific element of the image, such as the video thumbnails or the sidebar options?

2025-08-16 17:39:53.306848
Q: what do you see
A: Here's a breakdown of what I see in the image you sent:
**Main YouTube Interface:**
*   **YouTube Logo:** Prominently displayed at the top.
*   **Search Bar:**  Allows users to search for videos.
*   **Sidebar:** Contains various sections:
    *   **Home:** Takes you to your personalized YouTube homepage.
    *   **Shorts:**  Short-form videos.
    *   **Subscriptions:** Lists channels you're subscribed to.
    *   **You:**  Accesses your watch history, uploads, liked videos, and playlists.
    *   **Watch later:**  Videos you've saved to watch later.
    *   **Downloads:**  Videos you've downloaded.
    *   **Your clips:**  Videos you've created clips from.
*   **Video Thumbnails:** Several video thumbnails are displayed, including:
    *   "osu!" - A video with the "osu!" game.
    *   "How Did The Universe Begin?" - A video about the history of the universe.
    *   "Feeling Kinda Gloomy" - A video with DanDaan S2 Ep 7 Reaction.
    *   "Tokyo Hip Hop Night" - A video with Lofi hiphop mix BGM (Beats to Chill & Study).
    *   "Expedition 33 - First Gameplay" - A video with Expedition 33 - First Gameplay.
**Overall Impression:**
The image shows a typical YouTube interface with a selection of videos displayed. It's a snapshot of what a user might see when browsing or watching YouTube.
Do you want me to focus on a specific element of the image, such as the video thumbnails or the sidebar options?

