2025-04-25 23:08:21.765220
Q: what is this page
A: 

2025-04-25 23:10:38.384268
Q: what is this
A: 

2025-04-25 23:13:35.674579
Q: what is this
A: 

2025-04-25 23:14:12.910161
Q: what this
A: 

2025-04-26 00:06:20.326801
Q: what is this
A: 

2025-04-26 00:07:38.552129
Q: what is this
A: 

2025-04-26 00:09:35.442734
Q: what this
A: 

2025-04-26 00:14:23.423510
Q: what is this
2025-04-26 00:16:28.064102
Q: what is this
2025-04-26 00:24:39.748623
Q: what is this
A: 

2025-04-26 00:25:26.012089
Q: what is this
A: 

2025-04-26 00:26:23.840192
Q: what is this
A: 

2025-04-26 00:26:49.502282
Q: what is this
A: 

2025-04-26 00:30:25.920836
Q: what is this
2025-04-26 00:31:13.051125
Q: what is this
2025-04-26 00:33:30.195303
Q: what is this
2025-04-26 00:35:42.115780
Q: what is this
A: 

2025-04-26 00:35:56.027540
Q: what is this
A: 

2025-04-26 00:36:21.628345
Q: what files are open
A: 

2025-04-26 00:36:41.321516
Q: what files are open
A: 

